  Application.cpp
E:\projects\cpp\Particles\Particles\src\core\Application.cpp(35,63): warning C4244: 'argument': conversion from 'T' to 'T', possible loss of data
          with
          [
              T=int
          ]
          and
          [
              T=float
          ]
E:\projects\cpp\Particles\Particles\src\core\Application.cpp(35,50): warning C4244: 'argument': conversion from 'T' to 'T', possible loss of data
          with
          [
              T=int
          ]
          and
          [
              T=float
          ]
  Generating code
  2 of 184 functions ( 1.1%) were compiled, the rest were copied from previous compilation.
    0 functions were new in current compilation
    0 functions had inline decision re-evaluated but remain unchanged
  Finished generating code
  Particles.vcxproj -> E:\projects\cpp\Particles\x64\Release\Particles.exe
