  Application.cpp
E:\projects\cpp\Particles\Particles\src\core\Application.cpp(35,63): warning C4244: 'argument': conversion from 'T' to 'T', possible loss of data
          with
          [
              T=int
          ]
          and
          [
              T=float
          ]
E:\projects\cpp\Particles\Particles\src\core\Application.cpp(35,50): warning C4244: 'argument': conversion from 'T' to 'T', possible loss of data
          with
          [
              T=int
          ]
          and
          [
              T=float
          ]
  Particles.vcxproj -> E:\projects\cpp\Particles\x64\Debug\Particles.exe
